acl-2.2.53-1.el8.x86_64
audit-libs-3.0-0.10.20180831git0047a6c.el8.x86_64
basesystem-11-5.el8.noarch
bash-4.4.19-10.el8.x86_64
bind-export-libs-9.11.4-26.P2.el8.x86_64
binutils-2.30-58.el8_1.1.x86_64
bzip2-libs-1.0.6-26.el8.x86_64
ca-certificates-2019.2.32-80.0.el8_1.noarch
centos-gpg-keys-8.1-1.1911.0.8.el8.noarch
centos-release-8.1-1.1911.0.8.el8.x86_64
centos-repos-8.1-1.1911.0.8.el8.x86_64
chkconfig-1.11-1.el8.x86_64
coreutils-single-8.30-6.el8.x86_64
cpio-2.12-8.el8.x86_64
cracklib-2.9.6-15.el8.x86_64
crypto-policies-20190807-1.git9b1477b.el8.noarch
cryptsetup-libs-2.2.0-2.el8.x86_64
curl-7.61.1-11.el8.x86_64
cyrus-sasl-lib-2.1.27-1.el8.x86_64
dbus-1.12.8-9.el8.x86_64
dbus-common-1.12.8-9.el8.noarch
dbus-daemon-1.12.8-9.el8.x86_64
dbus-libs-1.12.8-9.el8.x86_64
dbus-tools-1.12.8-9.el8.x86_64
device-mapper-1.02.163-5.el8.0.1.x86_64
device-mapper-libs-1.02.163-5.el8.0.1.x86_64
dhcp-client-4.3.6-34.el8.x86_64
dhcp-common-4.3.6-34.el8.noarch
dhcp-libs-4.3.6-34.el8.x86_64
diffutils-3.6-5.el8.x86_64
dnf-4.2.7-7.el8_1.noarch
dnf-data-4.2.7-7.el8_1.noarch
dracut-049-27.git20190906.el8_1.1.x86_64
dracut-network-049-27.git20190906.el8_1.1.x86_64
dracut-squash-049-27.git20190906.el8_1.1.x86_64
elfutils-default-yama-scope-0.176-5.el8.noarch
elfutils-libelf-0.176-5.el8.x86_64
elfutils-libs-0.176-5.el8.x86_64
ethtool-5.0-2.el8.x86_64
expat-2.2.5-3.el8.x86_64
file-libs-5.33-8.el8.x86_64
filesystem-3.8-2.el8.x86_64
findutils-4.6.0-20.el8.x86_64
gawk-4.2.1-1.el8.x86_64
gdbm-1.18-1.el8.x86_64
gdbm-libs-1.18-1.el8.x86_64
glib2-2.56.4-7.el8.x86_64
glibc-2.28-72.el8_1.1.x86_64
glibc-common-2.28-72.el8_1.1.x86_64
glibc-langpack-en-2.28-72.el8_1.1.x86_64
glibc-minimal-langpack-2.28-72.el8_1.1.x86_64
gmp-6.1.2-10.el8.x86_64
gnupg2-2.2.9-1.el8.x86_64
gnutls-3.6.8-8.el8.x86_64
gpgme-1.10.0-6.el8.0.1.x86_64
gpg-pubkey-8483c65d-5ccc5b19
grep-3.1-6.el8.x86_64
gzip-1.9-9.el8.x86_64
hostname-3.20-6.el8.x86_64
ima-evm-utils-1.1-5.el8.x86_64
info-6.5-4.el8.x86_64
ipcalc-0.2.4-3.el8.x86_64
iproute-4.18.0-15.el8.x86_64
iptables-libs-1.8.2-16.el8.x86_64
iputils-20180629-2.el8.x86_64
json-c-0.13.1-0.2.el8.x86_64
kbd-2.0.4-8.el8.x86_64
kbd-legacy-2.0.4-8.el8.noarch
kbd-misc-2.0.4-8.el8.noarch
kexec-tools-2.0.19-12.el8_1.1.x86_64
keyutils-libs-1.5.10-6.el8.x86_64
kmod-25-13.el8.x86_64
kmod-libs-25-13.el8.x86_64
krb5-libs-1.17-9.el8.x86_64
langpacks-en-1.0-12.el8.noarch
less-530-1.el8.x86_64
libacl-2.2.53-1.el8.x86_64
libarchive-3.3.2-8.el8_1.x86_64
libassuan-2.5.1-3.el8.x86_64
libattr-2.4.48-3.el8.x86_64
libblkid-2.32.1-17.el8.x86_64
libcap-2.26-1.el8.x86_64
libcap-ng-0.7.9-4.el8.x86_64
libcom_err-1.44.6-3.el8.x86_64
libcomps-0.1.11-2.el8.x86_64
libcurl-minimal-7.61.1-11.el8.x86_64
libdb-5.3.28-37.el8.x86_64
libdb-utils-5.3.28-37.el8.x86_64
libdnf-0.35.1-9.el8_1.x86_64
libfdisk-2.32.1-17.el8.x86_64
libffi-3.1-21.el8.x86_64
libgcc-8.3.1-4.5.el8.x86_64
libgcrypt-1.8.3-4.el8.x86_64
libgpg-error-1.31-1.el8.x86_64
libidn2-2.2.0-1.el8.x86_64
libkcapi-1.1.1-16_1.el8.x86_64
libkcapi-hmaccalc-1.1.1-16_1.el8.x86_64
libksba-1.3.5-7.el8.x86_64
libmetalink-0.1.3-7.el8.x86_64
libmnl-1.0.4-6.el8.x86_64
libmodulemd1-1.8.11-4.el8_1.x86_64
libmount-2.32.1-17.el8.x86_64
libnghttp2-1.33.0-1.el8_0.1.x86_64
libnsl2-1.2.0-2.20180605git4a062cf.el8.x86_64
libpcap-1.9.0-3.el8.x86_64
libpwquality-1.4.0-9.el8.x86_64
librepo-1.10.3-3.el8.x86_64
libreport-filesystem-2.9.5-9.el8.x86_64
libseccomp-2.4.1-1.el8.x86_64
libselinux-2.9-2.1.el8.x86_64
libsemanage-2.9-1.el8.x86_64
libsepol-2.9-1.el8.x86_64
libsigsegv-2.11-5.el8.x86_64
libsmartcols-2.32.1-17.el8.x86_64
libsolv-0.7.4-3.el8.x86_64
libstdc++-8.3.1-4.5.el8.x86_64
libtasn1-4.13-3.el8.x86_64
libtirpc-1.1.4-4.el8.x86_64
libunistring-0.9.9-3.el8.x86_64
libusbx-1.0.22-1.el8.x86_64
libutempter-1.1.6-14.el8.x86_64
libuuid-2.32.1-17.el8.x86_64
libverto-0.3.0-5.el8.x86_64
libxcrypt-4.1.1-4.el8.x86_64
libxkbcommon-0.8.2-1.el8.x86_64
libxml2-2.9.7-5.el8.x86_64
libyaml-0.1.7-5.el8.x86_64
lua-libs-5.3.4-11.el8.x86_64
lz4-libs-1.8.1.2-4.el8.x86_64
lzo-2.08-14.el8.x86_64
mpfr-3.1.6-1.el8.x86_64
ncurses-base-6.1-7.20180224.el8.noarch
ncurses-libs-6.1-7.20180224.el8.x86_64
nettle-3.4.1-1.el8.x86_64
npth-1.5-4.el8.x86_64
openldap-2.4.46-11.el8_1.x86_64
openssl-libs-1.1.1c-2.el8.x86_64
p11-kit-0.23.14-5.el8_0.x86_64
p11-kit-trust-0.23.14-5.el8_0.x86_64
pam-1.3.1-4.el8.x86_64
pcre2-10.32-1.el8.x86_64
pcre-8.42-4.el8.x86_64
platform-python-3.6.8-15.1.el8.x86_64
platform-python-pip-9.0.3-15.el8.noarch
platform-python-setuptools-39.2.0-5.el8.noarch
popt-1.16-14.el8.x86_64
procps-ng-3.3.15-1.el8.x86_64
python3-dnf-4.2.7-7.el8_1.noarch
python3-gpg-1.10.0-6.el8.0.1.x86_64
python3-hawkey-0.35.1-9.el8_1.x86_64
python3-libcomps-0.1.11-2.el8.x86_64
python3-libdnf-0.35.1-9.el8_1.x86_64
python3-libs-3.6.8-15.1.el8.x86_64
python3-pip-wheel-9.0.3-15.el8.noarch
python3-rpm-4.14.2-25.el8.x86_64
python3-setuptools-wheel-39.2.0-5.el8.noarch
readline-7.0-10.el8.x86_64
rootfiles-8.1-22.el8.noarch
rpm-4.14.2-25.el8.x86_64
rpm-build-libs-4.14.2-25.el8.x86_64
rpm-libs-4.14.2-25.el8.x86_64
sed-4.5-1.el8.x86_64
setup-2.12.2-2.el8_1.1.noarch
shadow-utils-4.6-8.el8.x86_64
snappy-1.1.7-5.el8.x86_64
sqlite-libs-3.26.0-4.el8_1.x86_64
squashfs-tools-4.3-19.el8.x86_64
sudo-1.8.25p1-8.el8_1.x86_64
systemd-239-18.el8_1.4.x86_64
systemd-libs-239-18.el8_1.4.x86_64
systemd-pam-239-18.el8_1.4.x86_64
systemd-udev-239-18.el8_1.4.x86_64
tar-1.30-4.el8.x86_64
tzdata-2019c-1.el8.noarch
util-linux-2.32.1-17.el8.x86_64
vim-minimal-8.0.1763-13.el8.x86_64
xkeyboard-config-2.24-3.el8.noarch
xz-5.2.4-3.el8.x86_64
xz-libs-5.2.4-3.el8.x86_64
yum-4.2.7-7.el8_1.noarch
zlib-1.2.11-10.el8.x86_64
